Name                     Stmts   Miss  Cover   Missing
------------------------------------------------------
backend/models.py          290     51    82%   41, 56, 66, 83, 93, 101, 128, 144, 152, 160, 169, 195, 228, 255, 268, 285, 315, 323, 345, 348-351, 363, 380, 388, 421-422, 426-433, 437-444, 448-455, 472, 491, 495, 499
backend/serializers.py     270     86    68%   215, 219, 223, 231-232, 243-265, 420, 468-551, 558-610
------------------------------------------------------
TOTAL                      560    137    76%
